Equate elements:  no current cell.
Equate elements:  no current cell.

Cell pmos disconnected node: in
Cell pmos disconnected node: out

Subcircuit summary:
Circuit 1: pmos                            |Circuit 2: cmos                            
-------------------------------------------|-------------------------------------------
sky130_fd_pr__pfet_01v8 (1)                |sky130_fd_pr__pfet_01v8 (1)                
sky130_fd_pr__nfet_01v8 (1)                |sky130_fd_pr__nfet_01v8 (1)                
Number of devices: 2                       |Number of devices: 2                       
Number of nets: 8 **Mismatch**             |Number of nets: 4 **Mismatch**             
---------------------------------------------------------------------------------------
NET mismatches: Class fragments follow (with fanout counts):
Circuit 1: pmos                            |Circuit 2: cmos                            

---------------------------------------------------------------------------------------
Net: in.t0                                 |Net: out                                   
  sky130_fd_pr__pfet_01v8/2 = 1            |  sky130_fd_pr__pfet_01v8/(1|3) = 1        
                                           |  sky130_fd_pr__nfet_01v8/(1|3) = 1        
                                           |                                           
Net: in.t1                                 |Net: in                                    
  sky130_fd_pr__nfet_01v8/2 = 1            |  sky130_fd_pr__pfet_01v8/2 = 1            
                                           |  sky130_fd_pr__nfet_01v8/2 = 1            
                                           |                                           
Net: vdd                                   |Net: vdd                                   
  sky130_fd_pr__pfet_01v8/4 = 1            |  sky130_fd_pr__pfet_01v8/4 = 1            
                                           |  sky130_fd_pr__pfet_01v8/(1|3) = 1        
                                           |                                           
Net: gnd                                   |Net: gnd                                   
  sky130_fd_pr__nfet_01v8/4 = 1            |  sky130_fd_pr__nfet_01v8/(1|3) = 1        
                                           |  sky130_fd_pr__nfet_01v8/4 = 1            
---------------------------------------------------------------------------------------

---------------------------------------------------------------------------------------
Net: gnd.t0                                |(no matching net)                          
  sky130_fd_pr__nfet_01v8/(1|3) = 1        |                                           
                                           |                                           
Net: out.t1                                |(no matching net)                          
  sky130_fd_pr__nfet_01v8/(1|3) = 1        |                                           
---------------------------------------------------------------------------------------

---------------------------------------------------------------------------------------
Net: vdd.t0                                |(no matching net)                          
  sky130_fd_pr__pfet_01v8/(1|3) = 1        |                                           
                                           |                                           
Net: out.t0                                |(no matching net)                          
  sky130_fd_pr__pfet_01v8/(1|3) = 1        |                                           
---------------------------------------------------------------------------------------
Netlists do not match.
The top level cell failed pin matching.
